12:14 19:34:23.321 [main] DEBUG i.n.u.i.l.InternalLoggerFactory - Using SLF4J as the default logging framework
12:14 19:34:23.347 [main] DEBUG i.n.u.i.InternalThreadLocalMap - -Dio.netty.threadLocalMap.stringBuilder.initialSize: 1024
12:14 19:34:23.347 [main] DEBUG i.n.u.i.InternalThreadLocalMap - -Dio.netty.threadLocalMap.stringBuilder.maxSize: 4096
12:14 19:34:23.363 [main] DEBUG i.n.util.internal.PlatformDependent - Platform: Windows
12:14 19:34:23.365 [main] DEBUG i.n.util.internal.PlatformDependent0 - -Dio.netty.noUnsafe: false
12:14 19:34:23.366 [main] DEBUG i.n.util.internal.PlatformDependent0 - Java version: 8
12:14 19:34:23.368 [main] DEBUG i.n.util.internal.PlatformDependent0 - sun.misc.Unsafe.theUnsafe: available
12:14 19:34:23.369 [main] DEBUG i.n.util.internal.PlatformDependent0 - sun.misc.Unsafe.copyMemory: available
12:14 19:34:23.372 [main] DEBUG i.n.util.internal.PlatformDependent0 - java.nio.Buffer.address: available
12:14 19:34:23.372 [main] DEBUG i.n.util.internal.PlatformDependent0 - direct buffer constructor: available
12:14 19:34:23.373 [main] DEBUG i.n.util.internal.PlatformDependent0 - java.nio.Bits.unaligned: available, true
12:14 19:34:23.373 [main] DEBUG i.n.util.internal.PlatformDependent0 - jdk.internal.misc.Unsafe.allocateUninitializedArray(int): unavailable prior to Java9
12:14 19:34:23.373 [main] DEBUG i.n.util.internal.PlatformDependent0 - java.nio.DirectByteBuffer.<init>(long, int): available
12:14 19:34:23.373 [main] DEBUG i.n.util.internal.PlatformDependent - sun.misc.Unsafe: available
12:14 19:34:23.374 [main] DEBUG i.n.util.internal.PlatformDependent - -Dio.netty.tmpdir: C:\Users\Ryze\AppData\Local\Temp (java.io.tmpdir)
12:14 19:34:23.374 [main] DEBUG i.n.util.internal.PlatformDependent - -Dio.netty.bitMode: 64 (sun.arch.data.model)
12:14 19:34:23.375 [main] DEBUG i.n.util.internal.PlatformDependent - -Dio.netty.maxDirectMemory: 3786407936 bytes
12:14 19:34:23.376 [main] DEBUG i.n.util.internal.PlatformDependent - -Dio.netty.uninitializedArrayAllocationThreshold: -1
12:14 19:34:23.377 [main] DEBUG io.netty.util.internal.CleanerJava6 - java.nio.ByteBuffer.cleaner(): available
12:14 19:34:23.377 [main] DEBUG i.n.util.internal.PlatformDependent - -Dio.netty.noPreferDirect: false
12:14 19:34:23.384 [main] DEBUG i.n.c.MultithreadEventLoopGroup - -Dio.netty.eventLoopThreads: 16
12:14 19:34:23.395 [main] DEBUG io.netty.channel.nio.NioEventLoop - -Dio.netty.noKeySetOptimization: false
12:14 19:34:23.395 [main] DEBUG io.netty.channel.nio.NioEventLoop - -Dio.netty.selectorAutoRebuildThreshold: 512
12:14 19:34:23.403 [main] DEBUG i.n.util.internal.PlatformDependent - org.jctools-core.MpscChunkedArrayQueue: available
12:14 19:34:23.490 [main] DEBUG io.netty.channel.DefaultChannelId - -Dio.netty.processId: 15784 (auto-detected)
12:14 19:34:23.493 [main] DEBUG io.netty.util.NetUtil - -Djava.net.preferIPv4Stack: false
12:14 19:34:23.493 [main] DEBUG io.netty.util.NetUtil - -Djava.net.preferIPv6Addresses: false
12:14 19:34:23.777 [main] DEBUG io.netty.util.NetUtil - Loopback interface: lo (Software Loopback Interface 1, 127.0.0.1)
12:14 19:34:23.778 [main] DEBUG io.netty.util.NetUtil - Failed to get SOMAXCONN from sysctl and file \proc\sys\net\core\somaxconn. Default: 200
12:14 19:34:24.035 [main] DEBUG io.netty.channel.DefaultChannelId - -Dio.netty.machineId: 70:1c:e7:ff:fe:db:cf:36 (auto-detected)
12:14 19:34:24.046 [main] DEBUG io.netty.util.ResourceLeakDetector - -Dio.netty.leakDetection.level: simple
12:14 19:34:24.046 [main] DEBUG io.netty.util.ResourceLeakDetector - -Dio.netty.leakDetection.targetRecords: 4
12:14 19:34:24.067 [main] DEBUG i.n.buffer.PooledByteBufAllocator - -Dio.netty.allocator.numHeapArenas: 16
12:14 19:34:24.067 [main] DEBUG i.n.buffer.PooledByteBufAllocator - -Dio.netty.allocator.numDirectArenas: 16
12:14 19:34:24.068 [main] DEBUG i.n.buffer.PooledByteBufAllocator - -Dio.netty.allocator.pageSize: 8192
12:14 19:34:24.068 [main] DEBUG i.n.buffer.PooledByteBufAllocator - -Dio.netty.allocator.maxOrder: 11
12:14 19:34:24.068 [main] DEBUG i.n.buffer.PooledByteBufAllocator - -Dio.netty.allocator.chunkSize: 16777216
12:14 19:34:24.068 [main] DEBUG i.n.buffer.PooledByteBufAllocator - -Dio.netty.allocator.tinyCacheSize: 512
12:14 19:34:24.068 [main] DEBUG i.n.buffer.PooledByteBufAllocator - -Dio.netty.allocator.smallCacheSize: 256
12:14 19:34:24.068 [main] DEBUG i.n.buffer.PooledByteBufAllocator - -Dio.netty.allocator.normalCacheSize: 64
12:14 19:34:24.068 [main] DEBUG i.n.buffer.PooledByteBufAllocator - -Dio.netty.allocator.maxCachedBufferCapacity: 32768
12:14 19:34:24.068 [main] DEBUG i.n.buffer.PooledByteBufAllocator - -Dio.netty.allocator.cacheTrimInterval: 8192
12:14 19:34:24.068 [main] DEBUG i.n.buffer.PooledByteBufAllocator - -Dio.netty.allocator.useCacheForAllThreads: true
12:14 19:34:24.079 [main] DEBUG io.netty.buffer.ByteBufUtil - -Dio.netty.allocator.type: pooled
12:14 19:34:24.079 [main] DEBUG io.netty.buffer.ByteBufUtil - -Dio.netty.threadLocalDirectBufferSize: 0
12:14 19:34:24.079 [main] DEBUG io.netty.buffer.ByteBufUtil - -Dio.netty.maxThreadLocalCharBufferSize: 16384
12:14 19:34:41.533 [nioEventLoopGroup-2-3] DEBUG io.netty.buffer.AbstractByteBuf - -Dio.netty.buffer.checkAccessible: true
12:14 19:34:41.534 [nioEventLoopGroup-2-3] DEBUG io.netty.buffer.AbstractByteBuf - -Dio.netty.buffer.checkBounds: true
12:14 19:34:41.538 [nioEventLoopGroup-2-3] DEBUG i.n.util.ResourceLeakDetectorFactory - Loaded default ResourceLeakDetector: io.netty.util.ResourceLeakDetector@6fa8b33d
12:14 19:34:41.695 [nioEventLoopGroup-2-2] DEBUG io.netty.util.Recycler - -Dio.netty.recycler.maxCapacityPerThread: 4096
12:14 19:34:41.696 [nioEventLoopGroup-2-2] DEBUG io.netty.util.Recycler - -Dio.netty.recycler.maxSharedCapacityFactor: 2
12:14 19:34:41.696 [nioEventLoopGroup-2-2] DEBUG io.netty.util.Recycler - -Dio.netty.recycler.linkCapacity: 16
12:14 19:34:41.696 [nioEventLoopGroup-2-2] DEBUG io.netty.util.Recycler - -Dio.netty.recycler.ratio: 8
12:14 19:35:12.024 [nioEventLoopGroup-2-7] DEBUG i.n.h.c.h.w.WebSocketServerHandshaker - [id: 0xa579239d, L:/0:0:0:0:0:0:0:1:9999 - R:/0:0:0:0:0:0:0:1:11038] WebSocket version V13 server handshake
12:14 19:35:12.057 [nioEventLoopGroup-2-7] DEBUG i.n.h.c.h.w.WebSocketServerHandshaker - WebSocket version 13 server handshake key: +J7Qp59jRDPfChL1mBcMKA==, response: MISVmpLrg8AMpc8axyzzcz6nwd0=
12:14 19:35:13.980 [nioEventLoopGroup-2-8] DEBUG i.n.h.c.h.w.WebSocketServerHandshaker - [id: 0x3d1d1e71, L:/0:0:0:0:0:0:0:1:9999 - R:/0:0:0:0:0:0:0:1:11040] WebSocket version V13 server handshake
12:14 19:35:13.982 [nioEventLoopGroup-2-8] DEBUG i.n.h.c.h.w.WebSocketServerHandshaker - WebSocket version 13 server handshake key: Jzzg16agEbxs2LGroqGtYg==, response: hqtXJECS3N8oIEgw8fz0Mb+8lEI=
12:14 19:35:13.984 [nioEventLoopGroup-2-7] DEBUG i.n.h.c.h.w.WebSocket08FrameEncoder - Encoding WebSocket Frame opCode=1 length=81
12:14 19:35:19.747 [nioEventLoopGroup-2-8] DEBUG i.n.h.c.h.w.WebSocket08FrameDecoder - Decoding WebSocket Frame opCode=1
12:14 19:35:19.747 [nioEventLoopGroup-2-8] DEBUG i.n.h.c.h.w.WebSocket08FrameDecoder - Decoding WebSocket Frame length=1
12:14 19:35:19.776 [nioEventLoopGroup-2-8] DEBUG i.n.h.c.h.w.WebSocket08FrameEncoder - Encoding WebSocket Frame opCode=1 length=1
12:14 19:35:19.776 [nioEventLoopGroup-2-7] DEBUG i.n.h.c.h.w.WebSocket08FrameEncoder - Encoding WebSocket Frame opCode=1 length=1
12:14 19:35:25.652 [nioEventLoopGroup-2-8] DEBUG i.n.h.c.h.w.WebSocket08FrameDecoder - Decoding WebSocket Frame opCode=1
12:14 19:35:25.653 [nioEventLoopGroup-2-8] DEBUG i.n.h.c.h.w.WebSocket08FrameDecoder - Decoding WebSocket Frame length=1
12:14 19:35:25.654 [nioEventLoopGroup-2-8] DEBUG i.n.h.c.h.w.WebSocket08FrameEncoder - Encoding WebSocket Frame opCode=1 length=1
12:14 19:35:25.654 [nioEventLoopGroup-2-7] DEBUG i.n.h.c.h.w.WebSocket08FrameEncoder - Encoding WebSocket Frame opCode=1 length=1
12:14 19:35:29.429 [nioEventLoopGroup-2-7] DEBUG i.n.h.c.h.w.WebSocket08FrameDecoder - Decoding WebSocket Frame opCode=1
12:14 19:35:29.430 [nioEventLoopGroup-2-7] DEBUG i.n.h.c.h.w.WebSocket08FrameDecoder - Decoding WebSocket Frame length=4
12:14 19:35:29.430 [nioEventLoopGroup-2-7] DEBUG i.n.h.c.h.w.WebSocket08FrameEncoder - Encoding WebSocket Frame opCode=1 length=4
12:14 19:35:29.431 [nioEventLoopGroup-2-8] DEBUG i.n.h.c.h.w.WebSocket08FrameEncoder - Encoding WebSocket Frame opCode=1 length=4
12:14 19:42:00.256 [nioEventLoopGroup-2-7] DEBUG i.n.h.c.h.w.WebSocket08FrameDecoder - Decoding WebSocket Frame opCode=1
12:14 19:42:00.256 [nioEventLoopGroup-2-7] DEBUG i.n.h.c.h.w.WebSocket08FrameDecoder - Decoding WebSocket Frame length=6
12:14 19:42:00.257 [nioEventLoopGroup-2-7] DEBUG i.n.h.c.h.w.WebSocket08FrameEncoder - Encoding WebSocket Frame opCode=1 length=6
12:14 19:42:00.258 [nioEventLoopGroup-2-8] DEBUG i.n.h.c.h.w.WebSocket08FrameEncoder - Encoding WebSocket Frame opCode=1 length=6
12:14 19:42:06.077 [nioEventLoopGroup-2-8] DEBUG i.n.h.c.h.w.WebSocket08FrameDecoder - Decoding WebSocket Frame opCode=8
12:14 19:42:06.077 [nioEventLoopGroup-2-8] DEBUG i.n.h.c.h.w.WebSocket08FrameDecoder - Decoding WebSocket Frame length=2
12:14 19:42:06.078 [nioEventLoopGroup-2-8] DEBUG i.n.h.c.h.w.WebSocket08FrameEncoder - Encoding WebSocket Frame opCode=8 length=2
12:14 19:42:07.951 [nioEventLoopGroup-2-7] DEBUG i.n.h.c.h.w.WebSocket08FrameDecoder - Decoding WebSocket Frame opCode=8
12:14 19:42:07.951 [nioEventLoopGroup-2-7] DEBUG i.n.h.c.h.w.WebSocket08FrameDecoder - Decoding WebSocket Frame length=2
12:14 19:42:07.952 [nioEventLoopGroup-2-7] DEBUG i.n.h.c.h.w.WebSocket08FrameEncoder - Encoding WebSocket Frame opCode=8 length=2
